<?xml version="1.0" encoding="UTF-8"?>
<testsuite name="fairman.aidan.tool_rental.ToolRentalApplicationTests" tests="1" skipped="0" failures="0" errors="0" timestamp="2022-08-26T21:06:24" hostname="Aidans-MacBook-Pro.local" time="0.324">
  <properties/>
  <testcase name="contextLoads()" classname="fairman.aidan.tool_rental.ToolRentalApplicationTests" time="0.324"/>
  <system-out><![CDATA[17:06:22.839 [Test worker] DEBUG org.springframework.test.context.BootstrapUtils - Instantiating CacheAwareContextLoaderDelegate from class [org.springframework.test.context.cache.DefaultCacheAwareContextLoaderDelegate]
17:06:22.848 [Test worker] DEBUG org.springframework.test.context.BootstrapUtils - Instantiating BootstrapContext using constructor [public org.springframework.test.context.support.DefaultBootstrapContext(java.lang.Class,org.springframework.test.context.CacheAwareContextLoaderDelegate)]
17:06:22.874 [Test worker] DEBUG org.springframework.test.context.BootstrapUtils - Instantiating TestContextBootstrapper for test class [fairman.aidan.tool_rental.ToolRentalApplicationTests] from class [org.springframework.boot.test.context.SpringBootTestContextBootstrapper]
17:06:22.882 [Test worker] INFO org.springframework.boot.test.context.SpringBootTestContextBootstrapper - Neither @ContextConfiguration nor @ContextHierarchy found for test class [fairman.aidan.tool_rental.ToolRentalApplicationTests], using SpringBootContextLoader
17:06:22.885 [Test worker] DEBUG org.springframework.test.context.support.AbstractContextLoader - Did not detect default resource location for test class [fairman.aidan.tool_rental.ToolRentalApplicationTests]: class path resource [fairman/aidan/tool_rental/ToolRentalApplicationTests-context.xml] does not exist
17:06:22.885 [Test worker] DEBUG org.springframework.test.context.support.AbstractContextLoader - Did not detect default resource location for test class [fairman.aidan.tool_rental.ToolRentalApplicationTests]: class path resource [fairman/aidan/tool_rental/ToolRentalApplicationTestsContext.groovy] does not exist
17:06:22.886 [Test worker] INFO org.springframework.test.context.support.AbstractContextLoader - Could not detect default resource locations for test class [fairman.aidan.tool_rental.ToolRentalApplicationTests]: no resource found for suffixes {-context.xml, Context.groovy}.
17:06:22.886 [Test worker] INFO org.springframework.test.context.support.AnnotationConfigContextLoaderUtils - Could not detect default configuration classes for test class [fairman.aidan.tool_rental.ToolRentalApplicationTests]: ToolRentalApplicationTests does not declare any static, non-private, non-final, nested classes annotated with @Configuration.
17:06:22.915 [Test worker] DEBUG org.springframework.test.context.support.ActiveProfilesUtils - Could not find an 'annotation declaring class' for annotation type [org.springframework.test.context.ActiveProfiles] and class [fairman.aidan.tool_rental.ToolRentalApplicationTests]
17:06:22.957 [Test worker] DEBUG org.springframework.context.annotation.ClassPathScanningCandidateComponentProvider - Identified candidate component class: file [/Users/aidan/Projects/CardinalTest/af0824/service/build/classes/java/main/fairman/aidan/tool_rental/ToolRentalApplication.class]
17:06:22.958 [Test worker] INFO org.springframework.boot.test.context.SpringBootTestContextBootstrapper - Found @SpringBootConfiguration fairman.aidan.tool_rental.ToolRentalApplication for test class fairman.aidan.tool_rental.ToolRentalApplicationTests
17:06:23.024 [Test worker] DEBUG org.springframework.boot.test.context.SpringBootTestContextBootstrapper - @TestExecutionListeners is not present for class [fairman.aidan.tool_rental.ToolRentalApplicationTests]: using defaults.
17:06:23.025 [Test worker] INFO org.springframework.boot.test.context.SpringBootTestContextBootstrapper - Loaded default TestExecutionListener class names from location [META-INF/spring.factories]: [org.springframework.boot.test.autoconfigure.restdocs.RestDocsTestExecutionListener, org.springframework.boot.test.autoconfigure.web.client.MockRestServiceServerResetTestExecutionListener, org.springframework.boot.test.autoconfigure.web.servlet.MockMvcPrintOnlyOnFailureTestExecutionListener, org.springframework.boot.test.autoconfigure.web.servlet.WebDriverTestExecutionListener, org.springframework.boot.test.autoconfigure.webservices.client.MockWebServiceServerTestExecutionListener, org.springframework.boot.test.mock.mockito.MockitoTestExecutionListener, org.springframework.boot.test.mock.mockito.ResetMocksTestExecutionListener, org.springframework.test.context.web.ServletTestExecutionListener, org.springframework.test.context.support.DirtiesContextBeforeModesTestExecutionListener, org.springframework.test.context.event.ApplicationEventsTestExecutionListener, org.springframework.test.context.support.DependencyInjectionTestExecutionListener, org.springframework.test.context.support.DirtiesContextTestExecutionListener, org.springframework.test.context.transaction.TransactionalTestExecutionListener, org.springframework.test.context.jdbc.SqlScriptsTestExecutionListener, org.springframework.test.context.event.EventPublishingTestExecutionListener]
17:06:23.032 [Test worker] DEBUG org.springframework.boot.test.context.SpringBootTestContextBootstrapper - Skipping candidate TestExecutionListener [org.springframework.test.context.transaction.TransactionalTestExecutionListener] due to a missing dependency. Specify custom listener classes or make the default listener classes and their required dependencies available. Offending class: [org/springframework/transaction/interceptor/TransactionAttributeSource]
17:06:23.032 [Test worker] DEBUG org.springframework.boot.test.context.SpringBootTestContextBootstrapper - Skipping candidate TestExecutionListener [org.springframework.test.context.jdbc.SqlScriptsTestExecutionListener] due to a missing dependency. Specify custom listener classes or make the default listener classes and their required dependencies available. Offending class: [org/springframework/transaction/interceptor/TransactionAttribute]
17:06:23.032 [Test worker] INFO org.springframework.boot.test.context.SpringBootTestContextBootstrapper - Using TestExecutionListeners: [org.springframework.test.context.web.ServletTestExecutionListener@565b064f, org.springframework.test.context.support.DirtiesContextBeforeModesTestExecutionListener@26425897, org.springframework.test.context.event.ApplicationEventsTestExecutionListener@73163d48, org.springframework.boot.test.mock.mockito.MockitoTestExecutionListener@58c34bb3, org.springframework.boot.test.autoconfigure.SpringBootDependencyInjectionTestExecutionListener@56a4479a, org.springframework.test.context.support.DirtiesContextTestExecutionListener@62163b39, org.springframework.test.context.event.EventPublishingTestExecutionListener@20a8a64e, org.springframework.boot.test.autoconfigure.restdocs.RestDocsTestExecutionListener@62f4ff3b, org.springframework.boot.test.autoconfigure.web.client.MockRestServiceServerResetTestExecutionListener@1698fc68, org.springframework.boot.test.autoconfigure.web.servlet.MockMvcPrintOnlyOnFailureTestExecutionListener@4504d271, org.springframework.boot.test.autoconfigure.web.servlet.WebDriverTestExecutionListener@207b8649, org.springframework.boot.test.autoconfigure.webservices.client.MockWebServiceServerTestExecutionListener@65b3a85a, org.springframework.boot.test.mock.mockito.ResetMocksTestExecutionListener@34997338]
17:06:23.034 [Test worker] DEBUG org.springframework.test.context.support.AbstractDirtiesContextTestExecutionListener - Before test class: context [DefaultTestContext@30bcf3c1 testClass = ToolRentalApplicationTests, testInstance = [null], testMethod = [null], testException = [null], mergedContextConfiguration = [WebMergedContextConfiguration@2a3c96e3 testClass = ToolRentalApplicationTests, locations = '{}', classes = '{class fairman.aidan.tool_rental.ToolRentalApplication}', contextInitializerClasses = '[]', activeProfiles = '{}', propertySourceLocations = '{}', propertySourceProperties = '{org.springframework.boot.test.context.SpringBootTestContextBootstrapper=true}', contextCustomizers = set[org.springframework.boot.test.autoconfigure.actuate.metrics.MetricsExportContextCustomizerFactory$DisableMetricExportContextCustomizer@60b4beb4, org.springframework.boot.test.autoconfigure.properties.PropertyMappingContextCustomizer@0, org.springframework.boot.test.autoconfigure.web.servlet.WebDriverContextCustomizerFactory$Customizer@6f19ac19, org.springframework.boot.test.context.filter.ExcludeFilterContextCustomizer@20c0a64d, org.springframework.boot.test.json.DuplicateJsonObjectContextCustomizerFactory$DuplicateJsonObjectContextCustomizer@41ab013, org.springframework.boot.test.mock.mockito.MockitoContextCustomizer@0, org.springframework.boot.test.web.client.TestRestTemplateContextCustomizer@38604b81, org.springframework.boot.test.context.SpringBootTestArgs@1, org.springframework.boot.test.context.SpringBootTestWebEnvironment@544fa968], resourceBasePath = 'src/main/webapp', contextLoader = 'org.springframework.boot.test.context.SpringBootContextLoader', parent = [null]], attributes = map['org.springframework.test.context.web.ServletTestExecutionListener.activateListener' -> true]], class annotated with @DirtiesContext [false] with mode [null].

  .   ____          _            __ _ _
 /\\ / ___'_ __ _ _(_)_ __  __ _ \ \ \ \
( ( )\___ | '_ | '_| | '_ \/ _` | \ \ \ \
 \\/  ___)| |_)| | | | | || (_| |  ) ) ) )
  '  |____| .__|_| |_|_| |_\__, | / / / /
 =========|_|==============|___/=/_/_/_/
 :: Spring Boot ::                (v2.7.3)

2022-08-26 17:06:23.255  INFO 6497 --- [    Test worker] f.a.t.ToolRentalApplicationTests         : Starting ToolRentalApplicationTests using Java 17.0.3 on Aidans-MacBook-Pro.local with PID 6497 (started by aidan in /Users/aidan/Projects/CardinalTest/af0824/service)
2022-08-26 17:06:23.256  INFO 6497 --- [    Test worker] f.a.t.ToolRentalApplicationTests         : No active profile set, falling back to 1 default profile: "default"
2022-08-26 17:06:24.224  INFO 6497 --- [    Test worker] f.a.t.ToolRentalApplicationTests         : Started ToolRentalApplicationTests in 1.16 seconds (JVM running for 1.979)
]]></system-out>
  <system-err><![CDATA[]]></system-err>
</testsuite>
